<?xml version="1.0" encoding="UTF-8"?>
<!-- Generated by org.testng.reporters.JUnitReportReporter -->
<testsuite skipped="0" hostname="Lenovo" name="org.testng.Parameter" tests="2" failures="0" timestamp="12 Jul 2021 10:59:19 GMT" time="15.942" errors="0">
  <testcase name="tc2" time="15.942" classname="org.testng.Parameter"/>
  <testcase name="tc3" time="0.000" classname="org.testng.Parameter"/>
</testsuite> <!-- org.testng.Parameter -->
