<?xml version="1.0" encoding="UTF-8"?>
<!-- Generated by org.testng.reporters.JUnitReportReporter -->
<testsuite skipped="0" hostname="Lenovo" name="org.testng.ParallelExecution2" tests="4" failures="0" timestamp="20 Jul 2021 14:24:57 GMT" time="0.115" errors="0">
  <testcase name="method6" time="0.016" classname="org.testng.ParallelExecution2"/>
  <testcase name="method8" time="0.062" classname="org.testng.ParallelExecution2"/>
  <testcase name="method7" time="0.000" classname="org.testng.ParallelExecution2"/>
  <testcase name="method5" time="0.037" classname="org.testng.ParallelExecution2"/>
</testsuite> <!-- org.testng.ParallelExecution2 -->
