<?xml version="1.0" encoding="UTF-8"?>
<!-- Generated by org.testng.reporters.JUnitReportReporter -->
<testsuite skipped="2" hostname="Lenovo" name="org.testng.PrabhuInvokPrioEnable" tests="11" failures="0" timestamp="21 Jul 2021 04:49:27 GMT" time="0.060" errors="0">
  <testcase name="tc5" time="0.044" classname="org.testng.PrabhuInvokPrioEnable"/>
  <testcase name="tc3" time="0.016" classname="org.testng.PrabhuInvokPrioEnable"/>
  <testcase name="t1" time="0.000" classname="org.testng.PrabhuInvokPrioEnable"/>
  <testcase name="t1" time="0.000" classname="org.testng.PrabhuInvokPrioEnable"/>
  <testcase name="t1" time="0.000" classname="org.testng.PrabhuInvokPrioEnable"/>
  <testcase name="t1" time="0.000" classname="org.testng.PrabhuInvokPrioEnable"/>
  <testcase name="t1" time="0.000" classname="org.testng.PrabhuInvokPrioEnable"/>
  <testcase name="t1" time="0.000" classname="org.testng.PrabhuInvokPrioEnable"/>
  <testcase name="t1" time="0.000" classname="org.testng.PrabhuInvokPrioEnable"/>
  <testcase name="tc4" classname="org.testng.PrabhuInvokPrioEnable">
    <skipped/>
  </testcase> <!-- tc4 -->
  <testcase name="t2" classname="org.testng.PrabhuInvokPrioEnable">
    <skipped/>
  </testcase> <!-- t2 -->
</testsuite> <!-- org.testng.PrabhuInvokPrioEnable -->
