<?xml version="1.0" encoding="UTF-8"?>
<!-- Generated by org.testng.reporters.JUnitReportReporter -->
<testsuite skipped="0" hostname="Lenovo" name="org.suite.Prabhu1" tests="6" failures="0" timestamp="21 Jul 2021 03:38:30 GMT" time="0.126" errors="0">
  <testcase name="suite1" time="0.048" classname="org.suite.Prabhu1"/>
  <testcase name="suite2" time="0.016" classname="org.suite.Prabhu1"/>
  <testcase name="suite3" time="0.015" classname="org.suite.Prabhu1"/>
  <testcase name="suite5" time="0.015" classname="org.suite.Prabhu1"/>
  <testcase name="suite4" time="0.016" classname="org.suite.Prabhu1"/>
  <testcase name="suite6" time="0.016" classname="org.suite.Prabhu1"/>
</testsuite> <!-- org.suite.Prabhu1 -->
