<?xml version="1.0" encoding="UTF-8"?>
<!-- Generated by org.testng.reporters.JUnitReportReporter -->
<testsuite skipped="0" hostname="Lenovo" name="org.testng.ParameterTest" tests="4" failures="0" timestamp="12 Jul 2021 10:19:06 GMT" time="0.103" errors="0">
  <testcase name="tc0" time="0.071" classname="org.testng.ParameterTest"/>
  <testcase name="tc1" time="0.016" classname="org.testng.ParameterTest"/>
  <testcase name="tc3" time="0.000" classname="org.testng.ParameterTest"/>
  <testcase name="tc2" time="0.016" classname="org.testng.ParameterTest"/>
</testsuite> <!-- org.testng.ParameterTest -->
