<?xml version="1.0" encoding="UTF-8"?>
<!-- Generated by org.testng.reporters.JUnitReportReporter -->
<testsuite skipped="0" hostname="Lenovo" name="org.testng.DataProvider" tests="3" failures="0" timestamp="23 Jul 2021 09:18:25 GMT" time="36.646" errors="0">
  <testcase name="tc1" time="10.496" classname="org.testng.DataProvider"/>
  <testcase name="tc1" time="16.273" classname="org.testng.DataProvider"/>
  <testcase name="tc1" time="9.877" classname="org.testng.DataProvider"/>
</testsuite> <!-- org.testng.DataProvider -->
