<?xml version="1.0" encoding="UTF-8"?>
<!-- Generated by org.testng.reporters.JUnitReportReporter -->
<testsuite skipped="0" hostname="Lenovo" name="org.testng.PrabhuPrioInvocation" tests="11" failures="0" timestamp="21 Jul 2021 04:46:10 GMT" time="0.103" errors="0">
  <testcase name="tc5" time="0.040" classname="org.testng.PrabhuPrioInvocation"/>
  <testcase name="t2" time="0.000" classname="org.testng.PrabhuPrioInvocation"/>
  <testcase name="tc4" time="0.016" classname="org.testng.PrabhuPrioInvocation"/>
  <testcase name="tc3" time="0.016" classname="org.testng.PrabhuPrioInvocation"/>
  <testcase name="t1" time="0.015" classname="org.testng.PrabhuPrioInvocation"/>
  <testcase name="t1" time="0.000" classname="org.testng.PrabhuPrioInvocation"/>
  <testcase name="t1" time="0.000" classname="org.testng.PrabhuPrioInvocation"/>
  <testcase name="t1" time="0.000" classname="org.testng.PrabhuPrioInvocation"/>
  <testcase name="t1" time="0.000" classname="org.testng.PrabhuPrioInvocation"/>
  <testcase name="t1" time="0.016" classname="org.testng.PrabhuPrioInvocation"/>
  <testcase name="t1" time="0.000" classname="org.testng.PrabhuPrioInvocation"/>
</testsuite> <!-- org.testng.PrabhuPrioInvocation -->
