<?xml version="1.0" encoding="UTF-8"?>
<!-- Generated by org.testng.reporters.JUnitReportReporter -->
<testsuite skipped="0" hostname="Lenovo" name="org.testng.Method" tests="4" failures="0" timestamp="16 Jul 2021 10:48:43 GMT" time="0.074" errors="0">
  <testcase name="tc3" time="0.000" classname="org.testng.Method"/>
  <testcase name="tc1" time="0.058" classname="org.testng.Method"/>
  <testcase name="tc6" time="0.000" classname="org.testng.Method"/>
  <testcase name="tc4" time="0.016" classname="org.testng.Method"/>
</testsuite> <!-- org.testng.Method -->
