<?xml version="1.0" encoding="UTF-8"?>
<!-- Generated by org.testng.reporters.JUnitReportReporter -->
<testsuite skipped="0" hostname="Lenovo" name="org.testng.AdactinHotelPage" tests="5" failures="0" timestamp="12 Jul 2021 15:47:37 GMT" time="25.334" errors="0">
  <testcase name="page4" time="6.767" classname="org.testng.AdactinHotelPage"/>
  <testcase name="page2" time="2.493" classname="org.testng.AdactinHotelPage"/>
  <testcase name="page3" time="4.492" classname="org.testng.AdactinHotelPage"/>
  <testcase name="page5" time="6.617" classname="org.testng.AdactinHotelPage"/>
  <testcase name="page1" time="4.965" classname="org.testng.AdactinHotelPage"/>
</testsuite> <!-- org.testng.AdactinHotelPage -->
