<?xml version="1.0" encoding="UTF-8"?>
<!-- Generated by org.testng.reporters.JUnitReportReporter -->
<testsuite skipped="1" hostname="Lenovo" name="org.testng.PrabhuTest" tests="10" failures="0" timestamp="08 Jul 2021 10:33:08 GMT" time="0.125" errors="0">
  <testcase name="test2" time="0.000" classname="org.testng.PrabhuTest"/>
  <testcase name="test2" time="0.016" classname="org.testng.PrabhuTest"/>
  <testcase name="test2" time="0.015" classname="org.testng.PrabhuTest"/>
  <testcase name="test2" time="0.000" classname="org.testng.PrabhuTest"/>
  <testcase name="test2" time="0.031" classname="org.testng.PrabhuTest"/>
  <testcase name="test2" time="0.016" classname="org.testng.PrabhuTest"/>
  <testcase name="test2" time="0.016" classname="org.testng.PrabhuTest"/>
  <testcase name="test" time="0.031" classname="org.testng.PrabhuTest"/>
  <testcase name="test1" time="0.000" classname="org.testng.PrabhuTest"/>
  <testcase name="test3" classname="org.testng.PrabhuTest">
    <skipped/>
  </testcase> <!-- test3 -->
</testsuite> <!-- org.testng.PrabhuTest -->
