<?xml version="1.0" encoding="UTF-8"?>
<!-- Generated by org.testng.reporters.JUnitReportReporter -->
<testsuite skipped="0" hostname="Lenovo" name="org.testng.RedBus" tests="1" failures="0" timestamp="17 Jul 2021 14:39:18 GMT" time="0.921" errors="0">
  <testcase name="tc0" time="0.921" classname="org.testng.RedBus"/>
</testsuite> <!-- org.testng.RedBus -->
