<?xml version="1.0" encoding="UTF-8"?>
<!-- Generated by org.testng.reporters.JUnitReportReporter -->
<testsuite skipped="0" hostname="Lenovo" name="org.testng.PrabhuPriority" tests="5" failures="0" timestamp="21 Jul 2021 04:42:12 GMT" time="0.084" errors="0">
  <testcase name="tc4" time="0.037" classname="org.testng.PrabhuPriority"/>
  <testcase name="t2" time="0.031" classname="org.testng.PrabhuPriority"/>
  <testcase name="tc5" time="0.000" classname="org.testng.PrabhuPriority"/>
  <testcase name="t1" time="0.000" classname="org.testng.PrabhuPriority"/>
  <testcase name="tc3" time="0.016" classname="org.testng.PrabhuPriority"/>
</testsuite> <!-- org.testng.PrabhuPriority -->
