<?xml version="1.0" encoding="UTF-8"?>
<!-- Generated by org.testng.reporters.JUnitReportReporter -->
<testsuite skipped="0" hostname="Lenovo" name="org.testng.Sample1" tests="4" failures="0" timestamp="19 Jul 2021 10:22:09 GMT" time="0.522" errors="0">
  <testcase name="tc4" time="0.095" classname="org.testng.Sample1"/>
  <testcase name="tc1" time="0.174" classname="org.testng.Sample1"/>
  <testcase name="tc3" time="0.080" classname="org.testng.Sample1"/>
  <testcase name="tc2" time="0.173" classname="org.testng.Sample1"/>
</testsuite> <!-- org.testng.Sample1 -->
