<?xml version="1.0" encoding="UTF-8"?>
<!-- Generated by org.testng.reporters.JUnitReportReporter -->
<testsuite skipped="0" hostname="Lenovo" name="org.testng.Sample2" tests="4" failures="0" timestamp="19 Jul 2021 10:22:09 GMT" time="0.235" errors="0">
  <testcase name="tc21" time="0.047" classname="org.testng.Sample2"/>
  <testcase name="tc22" time="0.016" classname="org.testng.Sample2"/>
  <testcase name="tc23" time="0.125" classname="org.testng.Sample2"/>
  <testcase name="tc24" time="0.047" classname="org.testng.Sample2"/>
</testsuite> <!-- org.testng.Sample2 -->
