<?xml version="1.0" encoding="UTF-8"?>
<!-- Generated by org.testng.reporters.JUnitReportReporter -->
<testsuite skipped="0" hostname="Lenovo" name="org.testng.SampleNg" tests="1" failures="0" timestamp="08 Jul 2021 10:04:15 GMT" time="0.031" errors="0">
  <testcase name="test" time="0.031" classname="org.testng.SampleNg"/>
</testsuite> <!-- org.testng.SampleNg -->
