<?xml version="1.0" encoding="UTF-8"?>
<!-- Generated by org.testng.reporters.JUnitReportReporter -->
<testsuite skipped="0" hostname="Lenovo" name="org.testng.Paarameter" tests="1" failures="0" timestamp="22 Jul 2021 14:13:11 GMT" time="13.801" errors="0">
  <testcase name="tc1" time="13.801" classname="org.testng.Paarameter"/>
</testsuite> <!-- org.testng.Paarameter -->
