<?xml version="1.0" encoding="UTF-8"?>
<!-- Generated by org.testng.reporters.JUnitReportReporter -->
<testsuite skipped="0" hostname="Lenovo" name="org.testng.PrabhuTestNg" tests="4" failures="0" timestamp="24 Jul 2021 14:22:49 GMT" time="0.031" errors="0">
  <testcase name="methodafter" time="0.000" classname="org.testng.PrabhuTestNg"/>
  <testcase name="classafter" time="0.031" classname="org.testng.PrabhuTestNg"/>
  <testcase name="methodbefore" time="0.000" classname="org.testng.PrabhuTestNg"/>
  <testcase name="classbefore" time="0.000" classname="org.testng.PrabhuTestNg"/>
</testsuite> <!-- org.testng.PrabhuTestNg -->
