<?xml version="1.0" encoding="UTF-8"?>
<!-- Generated by org.testng.reporters.JUnitReportReporter -->
<testsuite skipped="0" hostname="Lenovo" name="org.testng.Ng" tests="3" failures="0" timestamp="16 Jul 2021 10:04:50 GMT" time="0.057" errors="0">
  <testcase name="pp" time="0.041" classname="org.testng.Ng"/>
  <testcase name="pv" time="0.016" classname="org.testng.Ng"/>
  <testcase name="vp" time="0.000" classname="org.testng.Ng"/>
</testsuite> <!-- org.testng.Ng -->
