<?xml version="1.0" encoding="UTF-8"?>
<!-- Generated by org.testng.reporters.JUnitReportReporter -->
<testsuite skipped="1" hostname="Lenovo" name="org.testng.PriorityTest" tests="10" failures="0" timestamp="08 Jul 2021 10:15:33 GMT" time="0.166" errors="0">
  <testcase name="tc1" time="0.118" classname="org.testng.PriorityTest"/>
  <testcase name="tc4" time="0.016" classname="org.testng.PriorityTest"/>
  <testcase name="tc2" time="0.016" classname="org.testng.PriorityTest"/>
  <testcase name="tc2" time="0.016" classname="org.testng.PriorityTest"/>
  <testcase name="tc2" time="0.000" classname="org.testng.PriorityTest"/>
  <testcase name="tc2" time="0.000" classname="org.testng.PriorityTest"/>
  <testcase name="tc2" time="0.000" classname="org.testng.PriorityTest"/>
  <testcase name="tc0" time="0.000" classname="org.testng.PriorityTest"/>
  <testcase name="tc5" time="0.000" classname="org.testng.PriorityTest"/>
  <testcase name="tc3" classname="org.testng.PriorityTest">
    <skipped/>
  </testcase> <!-- tc3 -->
</testsuite> <!-- org.testng.PriorityTest -->
