<?xml version="1.0" encoding="UTF-8"?>
<!-- Generated by org.testng.reporters.JUnitReportReporter -->
<testsuite skipped="0" hostname="Lenovo" name="org.testng.Grouping2" tests="8" failures="0" timestamp="16 Jul 2021 10:06:16 GMT" time="0.095" errors="0">
  <testcase name="tc2" time="0.016" classname="org.testng.Grouping2"/>
  <testcase name="tc6" time="0.000" classname="org.testng.Grouping2"/>
  <testcase name="tc1" time="0.048" classname="org.testng.Grouping2"/>
  <testcase name="tc3" time="0.000" classname="org.testng.Grouping2"/>
  <testcase name="tc4" time="0.016" classname="org.testng.Grouping2"/>
  <testcase name="tc5" time="0.000" classname="org.testng.Grouping2"/>
  <testcase name="tc8" time="0.000" classname="org.testng.Grouping2"/>
  <testcase name="tc7" time="0.015" classname="org.testng.Grouping2"/>
</testsuite> <!-- org.testng.Grouping2 -->
