<?xml version="1.0" encoding="UTF-8"?>
<!-- Generated by org.testng.reporters.JUnitReportReporter -->
<testsuite skipped="0" hostname="Lenovo" name="org.testng.ParallelExecution" tests="4" failures="0" timestamp="20 Jul 2021 14:24:57 GMT" time="0.101" errors="0">
  <testcase name="method1" time="0.086" classname="org.testng.ParallelExecution"/>
  <testcase name="method4" time="0.000" classname="org.testng.ParallelExecution"/>
  <testcase name="method2" time="0.015" classname="org.testng.ParallelExecution"/>
  <testcase name="method3" time="0.000" classname="org.testng.ParallelExecution"/>
</testsuite> <!-- org.testng.ParallelExecution -->
