<?xml version="1.0" encoding="UTF-8"?>
<!-- Generated by org.testng.reporters.JUnitReportReporter -->
<testsuite skipped="0" hostname="Lenovo" name="org.testng.Sample3" tests="4" failures="0" timestamp="19 Jul 2021 10:22:09 GMT" time="0.015" errors="0">
  <testcase name="tc32" time="0.000" classname="org.testng.Sample3"/>
  <testcase name="tc33" time="0.000" classname="org.testng.Sample3"/>
  <testcase name="tc34" time="0.000" classname="org.testng.Sample3"/>
  <testcase name="tc31" time="0.015" classname="org.testng.Sample3"/>
</testsuite> <!-- org.testng.Sample3 -->
